2025-07-31 07:27:21 - root - INFO - === Logging configured for production deployment ===
2025-07-31 07:27:28 - app - INFO - יצירת תיקיית ההעלאה: uploads
2025-07-31 07:27:28 - root - INFO - Starting scheduler and adding jobs...
2025-07-31 07:27:28 - root - INFO - Email scheduler: Israel time 09:00 -> UTC time 06:00
2025-07-31 07:27:28 - root - INFO - Scheduler started successfully with jobs: [<Job (id=dismissed_reset name=Reset dismissed alerts at 2:00)>, <Job (id=reset_status name=Reset daily status at 2:00)>, <Job (id=daily_email name=Send daily email at 09:00 Israel time)>, <Job (id=expiration_warnings name=Send expiration warnings at 8:00)>]
2025-07-31 07:27:28 - root - INFO - Current time: 7:27
2025-07-31 07:27:29 - root - INFO - Process 'reset' not executed today. Executing reset process now...
2025-07-31 07:27:29 - root - INFO - Updated status for process 'reset' for date 2025-07-31: False
2025-07-31 07:27:29 - root - INFO - Process 'expiration' already executed today or time is before 8:00.
2025-07-31 07:27:30 - root - INFO - Process 'daily_email' already executed today or Israel time (07:27) is before 9:00.
2025-07-31 07:27:30 - root - INFO - Process 'dismissed_reset' already executed today.
2025-07-31 07:27:30 - __main__ - INFO - === Starting Coupon Manager Application (Direct Mode) ===
2025-07-31 07:27:30 - __main__ - INFO - Python version: 3.9.7 (default, Sep 16 2021, 08:50:36) 
[Clang 10.0.0 ]
2025-07-31 07:27:30 - __main__ - INFO - Environment: DEVELOPMENT
2025-07-31 07:27:30 - __main__ - INFO - Current working directory: /Users/itaykarkason/Python Projects/coupon_manager_project
=== Starting Coupon Manager Application (Direct Mode) ===
Environment: DEVELOPMENT
2025-07-31 07:27:30 - __main__ - INFO - Starting Telegram bot in background thread...
Starting Telegram bot in background thread...
2025-07-31 07:27:30 - __main__ - INFO - Starting Telegram bot in background thread...
Starting Telegram bot in background thread...
2025-07-31 07:27:30 - __main__ - INFO - Telegram bot thread started successfully
Telegram bot thread started successfully
2025-07-31 07:27:30 - __main__ - INFO - Starting Flask server on 127.0.0.1:10000
Starting Flask server on 127.0.0.1:10000
 * Serving Flask app 'app'
 * Debug mode: off
2025-07-31 07:27:30 - __main__ - ERROR - Error starting Telegram bot: No module named 'asyncpg'
Traceback (most recent call last):
  File "/Users/itaykarkason/Python Projects/coupon_manager_project/wsgi.py", line 76, in start_telegram_bot_thread
    from telegram_bot import create_bot_application, initialize_monthly_summary_settings, load_reminder_config, schedule_daily_reminder
  File "/Users/itaykarkason/Python Projects/coupon_manager_project/telegram_bot.py", line 14, in <module>
    import asyncpg
ModuleNotFoundError: No module named 'asyncpg'
ERROR: Error starting Telegram bot: No module named 'asyncpg'
